
*** Running vivado
    with args -log elevator_design.vdi -applog -m64 -product Vivado -messageDb vivado.pb -mode batch -source elevator_design.tcl -notrace



****** Vivado v2022.2 (64-bit)
  **** SW Build 3671981 on Fri Oct 14 05:00:03 MDT 2022
  **** IP Build 3669848 on Fri Oct 14 08:30:02 MDT 2022
    ** Copyright 1986-2022 Xilinx, Inc. All Rights Reserved.

source elevator_design.tcl -notrace
create_project: Time (s): cpu = 00:00:06 ; elapsed = 00:00:06 . Memory (MB): peak = 396.430 ; gain = 75.121
Command: link_design -top elevator_design -part xc7a35tcpg236-1
Design is defaulting to srcset: sources_1
Design is defaulting to constrset: constrs_1
INFO: [Device 21-403] Loading part xc7a35tcpg236-1
Netlist sorting complete. Time (s): cpu = 00:00:00 ; elapsed = 00:00:00.018 . Memory (MB): peak = 797.781 ; gain = 0.000
INFO: [Netlist 29-17] Analyzing 116 Unisim elements for replacement
INFO: [Netlist 29-28] Unisim Transformation completed in 0 CPU seconds
INFO: [Project 1-479] Netlist was created with Vivado 2022.2
INFO: [Project 1-570] Preparing netlist for logic optimization
Parsing XDC File [C:/Users/L7aur/elevator/elevator.srcs/constrs_1/new/basys.xdc]
Finished Parsing XDC File [C:/Users/L7aur/elevator/elevator.srcs/constrs_1/new/basys.xdc]
INFO: [Opt 31-138] Pushed 0 inverter(s) to 0 load pin(s).
Netlist sorting complete. Time (s): cpu = 00:00:00 ; elapsed = 00:00:00.001 . Memory (MB): peak = 928.734 ; gain = 0.000
INFO: [Project 1-111] Unisim Transformation Summary:
No Unisim elements were transformed.

7 Infos, 0 Warnings, 0 Critical Warnings and 0 Errors encountered.
link_design completed successfully
link_design: Time (s): cpu = 00:00:06 ; elapsed = 00:00:07 . Memory (MB): peak = 932.766 ; gain = 531.488
Command: opt_design
Attempting to get a license for feature 'Implementation' and/or device 'xc7a35t'
INFO: [Common 17-349] Got license for feature 'Implementation' and/or device 'xc7a35t'
Running DRC as a precondition to command opt_design

Starting DRC Task
INFO: [DRC 23-27] Running DRC with 2 threads
INFO: [Project 1-461] DRC finished with 0 Errors
INFO: [Project 1-462] Please refer to the DRC report (report_drc) for more information.

Time (s): cpu = 00:00:02 ; elapsed = 00:00:01 . Memory (MB): peak = 950.723 ; gain = 17.957

Starting Cache Timing Information Task
INFO: [Timing 38-35] Done setting XDC timing constraints.
Ending Cache Timing Information Task | Checksum: 16c50e503

Time (s): cpu = 00:00:08 ; elapsed = 00:00:08 . Memory (MB): peak = 1503.402 ; gain = 552.680

Starting Logic Optimization Task

Phase 1 Retarget
INFO: [Opt 31-138] Pushed 0 inverter(s) to 0 load pin(s).
INFO: [Opt 31-49] Retargeted 0 cell(s).
Phase 1 Retarget | Checksum: 16c50e503

Time (s): cpu = 00:00:00 ; elapsed = 00:00:00.064 . Memory (MB): peak = 1837.031 ; gain = 0.000
INFO: [Opt 31-389] Phase Retarget created 0 cells and removed 0 cells

Phase 2 Constant propagation
INFO: [Opt 31-138] Pushed 0 inverter(s) to 0 load pin(s).
Phase 2 Constant propagation | Checksum: 16c50e503

Time (s): cpu = 00:00:00 ; elapsed = 00:00:00.072 . Memory (MB): peak = 1837.031 ; gain = 0.000
INFO: [Opt 31-389] Phase Constant propagation created 0 cells and removed 0 cells

Phase 3 Sweep
Phase 3 Sweep | Checksum: c8dfcc2f

Time (s): cpu = 00:00:00 ; elapsed = 00:00:00.091 . Memory (MB): peak = 1837.031 ; gain = 0.000
INFO: [Opt 31-389] Phase Sweep created 0 cells and removed 0 cells

Phase 4 BUFG optimization
Phase 4 BUFG optimization | Checksum: c8dfcc2f

Time (s): cpu = 00:00:00 ; elapsed = 00:00:00.152 . Memory (MB): peak = 1837.031 ; gain = 0.000
INFO: [Opt 31-662] Phase BUFG optimization created 0 cells of which 0 are BUFGs and removed 0 cells.

Phase 5 Shift Register Optimization
INFO: [Opt 31-1064] SRL Remap converted 0 SRLs to 0 registers and converted 0 registers of register chains to 0 SRLs
Phase 5 Shift Register Optimization | Checksum: c8dfcc2f

Time (s): cpu = 00:00:00 ; elapsed = 00:00:00.155 . Memory (MB): peak = 1837.031 ; gain = 0.000
INFO: [Opt 31-389] Phase Shift Register Optimization created 0 cells and removed 0 cells

Phase 6 Post Processing Netlist
Phase 6 Post Processing Netlist | Checksum: c8dfcc2f

Time (s): cpu = 00:00:00 ; elapsed = 00:00:00.159 . Memory (MB): peak = 1837.031 ; gain = 0.000
INFO: [Opt 31-389] Phase Post Processing Netlist created 0 cells and removed 0 cells
Opt_design Change Summary
=========================


-------------------------------------------------------------------------------------------------------------------------
|  Phase                        |  #Cells created  |  #Cells Removed  |  #Constrained objects preventing optimizations  |
-------------------------------------------------------------------------------------------------------------------------
|  Retarget                     |               0  |               0  |                                              0  |
|  Constant propagation         |               0  |               0  |                                              0  |
|  Sweep                        |               0  |               0  |                                              0  |
|  BUFG optimization            |               0  |               0  |                                              0  |
|  Shift Register Optimization  |               0  |               0  |                                              0  |
|  Post Processing Netlist      |               0  |               0  |                                              0  |
-------------------------------------------------------------------------------------------------------------------------



Starting Connectivity Check Task

Time (s): cpu = 00:00:00 ; elapsed = 00:00:00.002 . Memory (MB): peak = 1837.031 ; gain = 0.000
Ending Logic Optimization Task | Checksum: 24c160eea

Time (s): cpu = 00:00:00 ; elapsed = 00:00:00.231 . Memory (MB): peak = 1837.031 ; gain = 0.000

Starting Power Optimization Task
INFO: [Pwropt 34-132] Skipping clock gating for clocks with a period < 2.00 ns.
Ending Power Optimization Task | Checksum: 24c160eea

Time (s): cpu = 00:00:00 ; elapsed = 00:00:00.011 . Memory (MB): peak = 1837.031 ; gain = 0.000

Starting Final Cleanup Task
Ending Final Cleanup Task | Checksum: 24c160eea

Time (s): cpu = 00:00:00 ; elapsed = 00:00:00.001 . Memory (MB): peak = 1837.031 ; gain = 0.000

Starting Netlist Obfuscation Task
Netlist sorting complete. Time (s): cpu = 00:00:00 ; elapsed = 00:00:00.001 . Memory (MB): peak = 1837.031 ; gain = 0.000
Ending Netlist Obfuscation Task | Checksum: 24c160eea

Time (s): cpu = 00:00:00 ; elapsed = 00:00:00.001 . Memory (MB): peak = 1837.031 ; gain = 0.000
INFO: [Common 17-83] Releasing license: Implementation
24 Infos, 0 Warnings, 0 Critical Warnings and 0 Errors encountered.
opt_design completed successfully
opt_design: Time (s): cpu = 00:00:13 ; elapsed = 00:00:13 . Memory (MB): peak = 1837.031 ; gain = 904.266
INFO: [Timing 38-480] Writing timing data to binary archive.
Writing XDEF routing.
Writing XDEF routing logical nets.
Writing XDEF routing special nets.
Write XDEF Complete: Time (s): cpu = 00:00:01 ; elapsed = 00:00:00.046 . Memory (MB): peak = 1837.031 ; gain = 0.000
INFO: [Common 17-1381] The checkpoint 'C:/Users/L7aur/elevator/elevator.runs/impl_1/elevator_design_opt.dcp' has been generated.
INFO: [runtcl-4] Executing : report_drc -file elevator_design_drc_opted.rpt -pb elevator_design_drc_opted.pb -rpx elevator_design_drc_opted.rpx
Command: report_drc -file elevator_design_drc_opted.rpt -pb elevator_design_drc_opted.pb -rpx elevator_design_drc_opted.rpx
INFO: [IP_Flow 19-234] Refreshing IP repositories
INFO: [IP_Flow 19-1704] No user IP repositories specified
INFO: [IP_Flow 19-2313] Loaded Vivado IP repository 'C:/Xilinx/Vivado/2022.2/data/ip'.
INFO: [DRC 23-27] Running DRC with 2 threads
INFO: [Vivado_Tcl 2-168] The results of DRC are in file C:/Users/L7aur/elevator/elevator.runs/impl_1/elevator_design_drc_opted.rpt.
report_drc completed successfully
Command: place_design
Attempting to get a license for feature 'Implementation' and/or device 'xc7a35t'
INFO: [Common 17-349] Got license for feature 'Implementation' and/or device 'xc7a35t'
INFO: [DRC 23-27] Running DRC with 2 threads
INFO: [Vivado_Tcl 4-198] DRC finished with 0 Errors
INFO: [Vivado_Tcl 4-199] Please refer to the DRC report (report_drc) for more information.
Running DRC as a precondition to command place_design
INFO: [DRC 23-27] Running DRC with 2 threads
INFO: [Vivado_Tcl 4-198] DRC finished with 0 Errors
INFO: [Vivado_Tcl 4-199] Please refer to the DRC report (report_drc) for more information.

Starting Placer Task
INFO: [Place 30-611] Multithreading enabled for place_design using a maximum of 2 CPUs

Phase 1 Placer Initialization

Phase 1.1 Placer Initialization Netlist Sorting
Netlist sorting complete. Time (s): cpu = 00:00:00 ; elapsed = 00:00:00 . Memory (MB): peak = 1837.031 ; gain = 0.000
Phase 1.1 Placer Initialization Netlist Sorting | Checksum: 15050e319

Time (s): cpu = 00:00:00 ; elapsed = 00:00:00.007 . Memory (MB): peak = 1837.031 ; gain = 0.000
Netlist sorting complete. Time (s): cpu = 00:00:00 ; elapsed = 00:00:00 . Memory (MB): peak = 1837.031 ; gain = 0.000

Phase 1.2 IO Placement/ Clock Placement/ Build Placer Device
INFO: [Timing 38-35] Done setting XDC timing constraints.
WARNING: [Place 30-568] A LUT 'c2/c1/c2/c1.aux[3]_i_3' is driving clock pin of 4 registers. This could lead to large hold time violations. First few involved registers are:
	c2/c2/c0/c1.aux_reg[0] {FDCE}
	c2/c2/c0/c1.aux_reg[1] {FDCE}
	c2/c2/c0/c1.aux_reg[2] {FDCE}
	c2/c2/c0/c1.aux_reg[3] {FDCE}
Phase 1.2 IO Placement/ Clock Placement/ Build Placer Device | Checksum: ca7a2468

Time (s): cpu = 00:00:00 ; elapsed = 00:00:00.278 . Memory (MB): peak = 1837.031 ; gain = 0.000

Phase 1.3 Build Placer Netlist Model
Phase 1.3 Build Placer Netlist Model | Checksum: 168031096

Time (s): cpu = 00:00:01 ; elapsed = 00:00:00.563 . Memory (MB): peak = 1837.031 ; gain = 0.000

Phase 1.4 Constrain Clocks/Macros
Phase 1.4 Constrain Clocks/Macros | Checksum: 168031096

Time (s): cpu = 00:00:01 ; elapsed = 00:00:00.569 . Memory (MB): peak = 1837.031 ; gain = 0.000
Phase 1 Placer Initialization | Checksum: 168031096

Time (s): cpu = 00:00:01 ; elapsed = 00:00:00.580 . Memory (MB): peak = 1837.031 ; gain = 0.000

Phase 2 Global Placement

Phase 2.1 Floorplanning
Phase 2.1 Floorplanning | Checksum: 144433508

Time (s): cpu = 00:00:01 ; elapsed = 00:00:00.731 . Memory (MB): peak = 1837.031 ; gain = 0.000

Phase 2.2 Update Timing before SLR Path Opt
Phase 2.2 Update Timing before SLR Path Opt | Checksum: 12f48dc2d

Time (s): cpu = 00:00:01 ; elapsed = 00:00:00.825 . Memory (MB): peak = 1837.031 ; gain = 0.000

Phase 2.3 Post-Processing in Floorplanning
Phase 2.3 Post-Processing in Floorplanning | Checksum: 12f48dc2d

Time (s): cpu = 00:00:01 ; elapsed = 00:00:00.829 . Memory (MB): peak = 1837.031 ; gain = 0.000

Phase 2.4 Global Placement Core

Phase 2.4.1 UpdateTiming Before Physical Synthesis
Phase 2.4.1 UpdateTiming Before Physical Synthesis | Checksum: 1a300afd9

Time (s): cpu = 00:00:05 ; elapsed = 00:00:03 . Memory (MB): peak = 1837.031 ; gain = 0.000

Phase 2.4.2 Physical Synthesis In Placer
INFO: [Physopt 32-1035] Found 0 LUTNM shape to break, 39 LUT instances to create LUTNM shape
INFO: [Physopt 32-1044] Break lutnm for timing: one critical 0, two critical 0, total 0, new lutff created 0
INFO: [Physopt 32-1138] End 1 Pass. Optimized 19 nets or LUTs. Breaked 0 LUT, combined 19 existing LUTs and moved 0 existing LUT
INFO: [Physopt 32-65] No nets found for high-fanout optimization.
INFO: [Physopt 32-232] Optimized 0 net. Created 0 new instance.
INFO: [Physopt 32-775] End 1 Pass. Optimized 0 net or cell. Created 0 new cell, deleted 0 existing cell and moved 0 existing cell
INFO: [Physopt 32-670] No setup violation found.  DSP Register Optimization was not performed.
INFO: [Physopt 32-670] No setup violation found.  Shift Register to Pipeline Optimization was not performed.
INFO: [Physopt 32-670] No setup violation found.  Shift Register Optimization was not performed.
INFO: [Physopt 32-670] No setup violation found.  BRAM Register Optimization was not performed.
INFO: [Physopt 32-670] No setup violation found.  URAM Register Optimization was not performed.
INFO: [Physopt 32-949] No candidate nets found for dynamic/static region interface net replication
INFO: [Physopt 32-775] End 1 Pass. Optimized 0 net or cell. Created 0 new cell, deleted 0 existing cell and moved 0 existing cell
Netlist sorting complete. Time (s): cpu = 00:00:00 ; elapsed = 00:00:00.001 . Memory (MB): peak = 1837.031 ; gain = 0.000

Summary of Physical Synthesis Optimizations
============================================


-----------------------------------------------------------------------------------------------------------------------------------------------------------
|  Optimization                                     |  Added Cells  |  Removed Cells  |  Optimized Cells/Nets  |  Dont Touch  |  Iterations  |  Elapsed   |
-----------------------------------------------------------------------------------------------------------------------------------------------------------
|  LUT Combining                                    |            0  |             19  |                    19  |           0  |           1  |  00:00:00  |
|  Retime                                           |            0  |              0  |                     0  |           0  |           1  |  00:00:00  |
|  Very High Fanout                                 |            0  |              0  |                     0  |           0  |           1  |  00:00:00  |
|  DSP Register                                     |            0  |              0  |                     0  |           0  |           0  |  00:00:00  |
|  Shift Register to Pipeline                       |            0  |              0  |                     0  |           0  |           0  |  00:00:00  |
|  Shift Register                                   |            0  |              0  |                     0  |           0  |           0  |  00:00:00  |
|  BRAM Register                                    |            0  |              0  |                     0  |           0  |           0  |  00:00:00  |
|  URAM Register                                    |            0  |              0  |                     0  |           0  |           0  |  00:00:00  |
|  Dynamic/Static Region Interface Net Replication  |            0  |              0  |                     0  |           0  |           1  |  00:00:00  |
|  Total                                            |            0  |             19  |                    19  |           0  |           4  |  00:00:00  |
-----------------------------------------------------------------------------------------------------------------------------------------------------------


Phase 2.4.2 Physical Synthesis In Placer | Checksum: 1f9cef5ff

Time (s): cpu = 00:00:05 ; elapsed = 00:00:03 . Memory (MB): peak = 1837.031 ; gain = 0.000
Phase 2.4 Global Placement Core | Checksum: 1d96b6d30

Time (s): cpu = 00:00:05 ; elapsed = 00:00:03 . Memory (MB): peak = 1837.031 ; gain = 0.000
Phase 2 Global Placement | Checksum: 1d96b6d30

Time (s): cpu = 00:00:05 ; elapsed = 00:00:03 . Memory (MB): peak = 1837.031 ; gain = 0.000

Phase 3 Detail Placement

Phase 3.1 Commit Multi Column Macros
Phase 3.1 Commit Multi Column Macros | Checksum: 1a8f91784

Time (s): cpu = 00:00:05 ; elapsed = 00:00:03 . Memory (MB): peak = 1837.031 ; gain = 0.000

Phase 3.2 Commit Most Macros & LUTRAMs
Phase 3.2 Commit Most Macros & LUTRAMs | Checksum: 1cc6865fe

Time (s): cpu = 00:00:06 ; elapsed = 00:00:03 . Memory (MB): peak = 1837.031 ; gain = 0.000

Phase 3.3 Area Swap Optimization
Phase 3.3 Area Swap Optimization | Checksum: e746c012

Time (s): cpu = 00:00:06 ; elapsed = 00:00:03 . Memory (MB): peak = 1837.031 ; gain = 0.000

Phase 3.4 Pipeline Register Optimization
Phase 3.4 Pipeline Register Optimization | Checksum: 1db465737

Time (s): cpu = 00:00:06 ; elapsed = 00:00:03 . Memory (MB): peak = 1837.031 ; gain = 0.000

Phase 3.5 Small Shape Detail Placement
Phase 3.5 Small Shape Detail Placement | Checksum: 274c89915

Time (s): cpu = 00:00:06 ; elapsed = 00:00:04 . Memory (MB): peak = 1837.031 ; gain = 0.000

Phase 3.6 Re-assign LUT pins
Phase 3.6 Re-assign LUT pins | Checksum: 21a5784bd

Time (s): cpu = 00:00:06 ; elapsed = 00:00:04 . Memory (MB): peak = 1837.031 ; gain = 0.000

Phase 3.7 Pipeline Register Optimization
Phase 3.7 Pipeline Register Optimization | Checksum: 16e56efda

Time (s): cpu = 00:00:06 ; elapsed = 00:00:04 . Memory (MB): peak = 1837.031 ; gain = 0.000
Phase 3 Detail Placement | Checksum: 16e56efda

Time (s): cpu = 00:00:06 ; elapsed = 00:00:04 . Memory (MB): peak = 1837.031 ; gain = 0.000

Phase 4 Post Placement Optimization and Clean-Up

Phase 4.1 Post Commit Optimization
INFO: [Timing 38-35] Done setting XDC timing constraints.

Phase 4.1.1 Post Placement Optimization
Post Placement Optimization Initialization | Checksum: e342dcd4

Phase 4.1.1.1 BUFG Insertion

Starting Physical Synthesis Task

Phase 1 Physical Synthesis Initialization
INFO: [Physopt 32-721] Multithreading enabled for phys_opt_design using a maximum of 2 CPUs
INFO: [Physopt 32-619] Estimated Timing Summary | WNS=3.406 | TNS=0.000 |
Phase 1 Physical Synthesis Initialization | Checksum: 172f5df10

Time (s): cpu = 00:00:01 ; elapsed = 00:00:00.056 . Memory (MB): peak = 1837.031 ; gain = 0.000
INFO: [Place 46-56] BUFG insertion identified 0 candidate nets. Inserted BUFG: 0, Replicated BUFG Driver: 0, Skipped due to Placement/Routing Conflicts: 0, Skipped due to Timing Degradation: 0, Skipped due to Illegal Netlist: 0.
Ending Physical Synthesis Task | Checksum: 172c43231

Time (s): cpu = 00:00:01 ; elapsed = 00:00:00.065 . Memory (MB): peak = 1837.031 ; gain = 0.000
Phase 4.1.1.1 BUFG Insertion | Checksum: e342dcd4

Time (s): cpu = 00:00:07 ; elapsed = 00:00:04 . Memory (MB): peak = 1837.031 ; gain = 0.000

Phase 4.1.1.2 Post Placement Timing Optimization
INFO: [Place 30-746] Post Placement Timing Summary WNS=3.406. For the most accurate timing information please run report_timing.
Phase 4.1.1.2 Post Placement Timing Optimization | Checksum: 1330d1f91

Time (s): cpu = 00:00:07 ; elapsed = 00:00:04 . Memory (MB): peak = 1837.031 ; gain = 0.000

Time (s): cpu = 00:00:07 ; elapsed = 00:00:04 . Memory (MB): peak = 1837.031 ; gain = 0.000
Phase 4.1 Post Commit Optimization | Checksum: 1330d1f91

Time (s): cpu = 00:00:07 ; elapsed = 00:00:04 . Memory (MB): peak = 1837.031 ; gain = 0.000

Phase 4.2 Post Placement Cleanup
Phase 4.2 Post Placement Cleanup | Checksum: 1330d1f91

Time (s): cpu = 00:00:07 ; elapsed = 00:00:04 . Memory (MB): peak = 1837.031 ; gain = 0.000

Phase 4.3 Placer Reporting

Phase 4.3.1 Print Estimated Congestion
INFO: [Place 30-612] Post-Placement Estimated Congestion 
 ____________________________________________________
|           | Global Congestion | Short Congestion  |
| Direction | Region Size       | Region Size       |
|___________|___________________|___________________|
|      North|                1x1|                1x1|
|___________|___________________|___________________|
|      South|                1x1|                1x1|
|___________|___________________|___________________|
|       East|                1x1|                1x1|
|___________|___________________|___________________|
|       West|                1x1|                1x1|
|___________|___________________|___________________|

Phase 4.3.1 Print Estimated Congestion | Checksum: 1330d1f91

Time (s): cpu = 00:00:07 ; elapsed = 00:00:04 . Memory (MB): peak = 1837.031 ; gain = 0.000
Phase 4.3 Placer Reporting | Checksum: 1330d1f91

Time (s): cpu = 00:00:07 ; elapsed = 00:00:04 . Memory (MB): peak = 1837.031 ; gain = 0.000

Phase 4.4 Final Placement Cleanup
Netlist sorting complete. Time (s): cpu = 00:00:00 ; elapsed = 00:00:00.001 . Memory (MB): peak = 1837.031 ; gain = 0.000

Time (s): cpu = 00:00:07 ; elapsed = 00:00:04 . Memory (MB): peak = 1837.031 ; gain = 0.000
Phase 4 Post Placement Optimization and Clean-Up | Checksum: 1ba891684

Time (s): cpu = 00:00:07 ; elapsed = 00:00:04 . Memory (MB): peak = 1837.031 ; gain = 0.000
Ending Placer Task | Checksum: fe7afd53

Time (s): cpu = 00:00:07 ; elapsed = 00:00:04 . Memory (MB): peak = 1837.031 ; gain = 0.000
INFO: [Common 17-83] Releasing license: Implementation
61 Infos, 1 Warnings, 0 Critical Warnings and 0 Errors encountered.
place_design completed successfully
INFO: [Timing 38-480] Writing timing data to binary archive.
Writing XDEF routing.
Writing XDEF routing logical nets.
Writing XDEF routing special nets.
Write XDEF Complete: Time (s): cpu = 00:00:00 ; elapsed = 00:00:00.124 . Memory (MB): peak = 1837.031 ; gain = 0.000
INFO: [Common 17-1381] The checkpoint 'C:/Users/L7aur/elevator/elevator.runs/impl_1/elevator_design_placed.dcp' has been generated.
INFO: [runtcl-4] Executing : report_io -file elevator_design_io_placed.rpt
report_io: Time (s): cpu = 00:00:00 ; elapsed = 00:00:00.040 . Memory (MB): peak = 1837.031 ; gain = 0.000
INFO: [runtcl-4] Executing : report_utilization -file elevator_design_utilization_placed.rpt -pb elevator_design_utilization_placed.pb
INFO: [runtcl-4] Executing : report_control_sets -verbose -file elevator_design_control_sets_placed.rpt
report_control_sets: Time (s): cpu = 00:00:00 ; elapsed = 00:00:00.005 . Memory (MB): peak = 1837.031 ; gain = 0.000
Command: phys_opt_design
Attempting to get a license for feature 'Implementation' and/or device 'xc7a35t'
INFO: [Common 17-349] Got license for feature 'Implementation' and/or device 'xc7a35t'

Starting Initial Update Timing Task

Time (s): cpu = 00:00:00 ; elapsed = 00:00:00.154 . Memory (MB): peak = 1838.430 ; gain = 1.398
INFO: [Vivado_Tcl 4-383] Design worst setup slack (WNS) is greater than or equal to 0.000 ns. Skipping all physical synthesis optimizations.
INFO: [Vivado_Tcl 4-232] No setup violation found. The netlist was not modified.
INFO: [Common 17-83] Releasing license: Implementation
70 Infos, 1 Warnings, 0 Critical Warnings and 0 Errors encountered.
phys_opt_design completed successfully
INFO: [Timing 38-480] Writing timing data to binary archive.
Writing XDEF routing.
Writing XDEF routing logical nets.
Writing XDEF routing special nets.
Write XDEF Complete: Time (s): cpu = 00:00:00 ; elapsed = 00:00:00.126 . Memory (MB): peak = 1856.324 ; gain = 14.875
INFO: [Common 17-1381] The checkpoint 'C:/Users/L7aur/elevator/elevator.runs/impl_1/elevator_design_physopt.dcp' has been generated.
Command: route_design
Attempting to get a license for feature 'Implementation' and/or device 'xc7a35t'
INFO: [Common 17-349] Got license for feature 'Implementation' and/or device 'xc7a35t'
Running DRC as a precondition to command route_design
INFO: [DRC 23-27] Running DRC with 2 threads
INFO: [Vivado_Tcl 4-198] DRC finished with 0 Errors
INFO: [Vivado_Tcl 4-199] Please refer to the DRC report (report_drc) for more information.


Starting Routing Task
INFO: [Route 35-254] Multithreading enabled for route_design using a maximum of 2 CPUs

Phase 1 Build RT Design
Checksum: PlaceDB: 6c122995 ConstDB: 0 ShapeSum: 9268d3be RouteDB: 0
Post Restoration Checksum: NetGraph: b07864b3 NumContArr: f1da4cef Constraints: 0 Timing: 0
Phase 1 Build RT Design | Checksum: 1a252b1a2

Time (s): cpu = 00:00:23 ; elapsed = 00:00:21 . Memory (MB): peak = 1940.797 ; gain = 74.359

Phase 2 Router Initialization

Phase 2.1 Fix Topology Constraints
Phase 2.1 Fix Topology Constraints | Checksum: 1a252b1a2

Time (s): cpu = 00:00:23 ; elapsed = 00:00:21 . Memory (MB): peak = 1946.793 ; gain = 80.355

Phase 2.2 Pre Route Cleanup
Phase 2.2 Pre Route Cleanup | Checksum: 1a252b1a2

Time (s): cpu = 00:00:23 ; elapsed = 00:00:21 . Memory (MB): peak = 1946.793 ; gain = 80.355
 Number of Nodes with overlaps = 0

Phase 2.3 Update Timing
Phase 2.3 Update Timing | Checksum: 133afb497

Time (s): cpu = 00:00:24 ; elapsed = 00:00:22 . Memory (MB): peak = 1952.402 ; gain = 85.965
INFO: [Route 35-416] Intermediate Timing Summary | WNS=3.430  | TNS=0.000  | WHS=-0.093 | THS=-5.088 |


Router Utilization Summary
  Global Vertical Routing Utilization    = 0.000717532 %
  Global Horizontal Routing Utilization  = 0.000520562 %
  Routable Net Status*
  *Does not include unroutable nets such as driverless and loadless.
  Run report_route_status for detailed report.
  Number of Failed Nets               = 1005
    (Failed Nets is the sum of unrouted and partially routed nets)
  Number of Unrouted Nets             = 1003
  Number of Partially Routed Nets     = 2
  Number of Node Overlaps             = 1

Phase 2 Router Initialization | Checksum: 1077e6499

Time (s): cpu = 00:00:25 ; elapsed = 00:00:22 . Memory (MB): peak = 1952.918 ; gain = 86.480

Phase 3 Initial Routing

Phase 3.1 Global Routing
Phase 3.1 Global Routing | Checksum: 1077e6499

Time (s): cpu = 00:00:25 ; elapsed = 00:00:22 . Memory (MB): peak = 1952.918 ; gain = 86.480
Phase 3 Initial Routing | Checksum: 13babba9d

Time (s): cpu = 00:00:25 ; elapsed = 00:00:22 . Memory (MB): peak = 1952.918 ; gain = 86.480

Phase 4 Rip-up And Reroute

Phase 4.1 Global Iteration 0
 Number of Nodes with overlaps = 62
 Number of Nodes with overlaps = 5
 Number of Nodes with overlaps = 1
 Number of Nodes with overlaps = 0
INFO: [Route 35-416] Intermediate Timing Summary | WNS=3.071  | TNS=0.000  | WHS=N/A    | THS=N/A    |

Phase 4.1 Global Iteration 0 | Checksum: 114f6357f

Time (s): cpu = 00:00:25 ; elapsed = 00:00:22 . Memory (MB): peak = 1952.918 ; gain = 86.480
Phase 4 Rip-up And Reroute | Checksum: 114f6357f

Time (s): cpu = 00:00:25 ; elapsed = 00:00:22 . Memory (MB): peak = 1952.918 ; gain = 86.480

Phase 5 Delay and Skew Optimization

Phase 5.1 Delay CleanUp

Phase 5.1.1 Update Timing
Phase 5.1.1 Update Timing | Checksum: 12744a4ad

Time (s): cpu = 00:00:25 ; elapsed = 00:00:23 . Memory (MB): peak = 1952.918 ; gain = 86.480
INFO: [Route 35-416] Intermediate Timing Summary | WNS=3.150  | TNS=0.000  | WHS=N/A    | THS=N/A    |

Phase 5.1 Delay CleanUp | Checksum: 12744a4ad

Time (s): cpu = 00:00:25 ; elapsed = 00:00:23 . Memory (MB): peak = 1952.918 ; gain = 86.480

Phase 5.2 Clock Skew Optimization
Phase 5.2 Clock Skew Optimization | Checksum: 12744a4ad

Time (s): cpu = 00:00:25 ; elapsed = 00:00:23 . Memory (MB): peak = 1952.918 ; gain = 86.480
Phase 5 Delay and Skew Optimization | Checksum: 12744a4ad

Time (s): cpu = 00:00:25 ; elapsed = 00:00:23 . Memory (MB): peak = 1952.918 ; gain = 86.480

Phase 6 Post Hold Fix

Phase 6.1 Hold Fix Iter

Phase 6.1.1 Update Timing
Phase 6.1.1 Update Timing | Checksum: 125430d3a

Time (s): cpu = 00:00:25 ; elapsed = 00:00:23 . Memory (MB): peak = 1952.918 ; gain = 86.480
INFO: [Route 35-416] Intermediate Timing Summary | WNS=3.150  | TNS=0.000  | WHS=0.183  | THS=0.000  |

Phase 6.1 Hold Fix Iter | Checksum: 1ab46bbfe

Time (s): cpu = 00:00:25 ; elapsed = 00:00:23 . Memory (MB): peak = 1952.918 ; gain = 86.480
Phase 6 Post Hold Fix | Checksum: 1ab46bbfe

Time (s): cpu = 00:00:25 ; elapsed = 00:00:23 . Memory (MB): peak = 1952.918 ; gain = 86.480

Phase 7 Route finalize

Router Utilization Summary
  Global Vertical Routing Utilization    = 0.18592 %
  Global Horizontal Routing Utilization  = 0.178943 %
  Routable Net Status*
  *Does not include unroutable nets such as driverless and loadless.
  Run report_route_status for detailed report.
  Number of Failed Nets               = 0
    (Failed Nets is the sum of unrouted and partially routed nets)
  Number of Unrouted Nets             = 0
  Number of Partially Routed Nets     = 0
  Number of Node Overlaps             = 0

Phase 7 Route finalize | Checksum: 1122d6add

Time (s): cpu = 00:00:26 ; elapsed = 00:00:23 . Memory (MB): peak = 1952.918 ; gain = 86.480

Phase 8 Verifying routed nets

 Verification completed successfully
Phase 8 Verifying routed nets | Checksum: 1122d6add

Time (s): cpu = 00:00:26 ; elapsed = 00:00:23 . Memory (MB): peak = 1953.574 ; gain = 87.137

Phase 9 Depositing Routes
Phase 9 Depositing Routes | Checksum: 6ccedfac

Time (s): cpu = 00:00:26 ; elapsed = 00:00:23 . Memory (MB): peak = 1953.574 ; gain = 87.137

Phase 10 Post Router Timing
INFO: [Route 35-57] Estimated Timing Summary | WNS=3.150  | TNS=0.000  | WHS=0.183  | THS=0.000  |

INFO: [Route 35-327] The final timing numbers are based on the router estimated timing analysis. For a complete and accurate timing signoff, please run report_timing_summary.
Phase 10 Post Router Timing | Checksum: 6ccedfac

Time (s): cpu = 00:00:26 ; elapsed = 00:00:23 . Memory (MB): peak = 1953.574 ; gain = 87.137
INFO: [Route 35-16] Router Completed Successfully

Time (s): cpu = 00:00:26 ; elapsed = 00:00:23 . Memory (MB): peak = 1953.574 ; gain = 87.137

Routing Is Done.
INFO: [Common 17-83] Releasing license: Implementation
85 Infos, 1 Warnings, 0 Critical Warnings and 0 Errors encountered.
route_design completed successfully
route_design: Time (s): cpu = 00:00:28 ; elapsed = 00:00:24 . Memory (MB): peak = 1953.574 ; gain = 97.250
INFO: [Timing 38-480] Writing timing data to binary archive.
Writing XDEF routing.
Writing XDEF routing logical nets.
Writing XDEF routing special nets.
Write XDEF Complete: Time (s): cpu = 00:00:00 ; elapsed = 00:00:00.162 . Memory (MB): peak = 1967.410 ; gain = 13.836
INFO: [Common 17-1381] The checkpoint 'C:/Users/L7aur/elevator/elevator.runs/impl_1/elevator_design_routed.dcp' has been generated.
INFO: [runtcl-4] Executing : report_drc -file elevator_design_drc_routed.rpt -pb elevator_design_drc_routed.pb -rpx elevator_design_drc_routed.rpx
Command: report_drc -file elevator_design_drc_routed.rpt -pb elevator_design_drc_routed.pb -rpx elevator_design_drc_routed.rpx
INFO: [IP_Flow 19-1839] IP Catalog is up to date.
INFO: [DRC 23-27] Running DRC with 2 threads
INFO: [Vivado_Tcl 2-168] The results of DRC are in file C:/Users/L7aur/elevator/elevator.runs/impl_1/elevator_design_drc_routed.rpt.
report_drc completed successfully
INFO: [runtcl-4] Executing : report_methodology -file elevator_design_methodology_drc_routed.rpt -pb elevator_design_methodology_drc_routed.pb -rpx elevator_design_methodology_drc_routed.rpx
Command: report_methodology -file elevator_design_methodology_drc_routed.rpt -pb elevator_design_methodology_drc_routed.pb -rpx elevator_design_methodology_drc_routed.rpx
INFO: [Timing 38-35] Done setting XDC timing constraints.
INFO: [DRC 23-133] Running Methodology with 2 threads
INFO: [Vivado_Tcl 2-1520] The results of Report Methodology are in file C:/Users/L7aur/elevator/elevator.runs/impl_1/elevator_design_methodology_drc_routed.rpt.
report_methodology completed successfully
INFO: [runtcl-4] Executing : report_power -file elevator_design_power_routed.rpt -pb elevator_design_power_summary_routed.pb -rpx elevator_design_power_routed.rpx
Command: report_power -file elevator_design_power_routed.rpt -pb elevator_design_power_summary_routed.pb -rpx elevator_design_power_routed.rpx
INFO: [Timing 38-35] Done setting XDC timing constraints.
Running Vector-less Activity Propagation...

Finished Running Vector-less Activity Propagation
97 Infos, 1 Warnings, 0 Critical Warnings and 0 Errors encountered.
report_power completed successfully
INFO: [runtcl-4] Executing : report_route_status -file elevator_design_route_status.rpt -pb elevator_design_route_status.pb
INFO: [runtcl-4] Executing : report_timing_summary -max_paths 10 -report_unconstrained -file elevator_design_timing_summary_routed.rpt -pb elevator_design_timing_summary_routed.pb -rpx elevator_design_timing_summary_routed.rpx -warn_on_violation 
INFO: [Timing 38-91] UpdateTimingParams: Speed grade: -1, Delay Type: min_max.
INFO: [Timing 38-191] Multithreading enabled for timing update using a maximum of 2 CPUs
INFO: [runtcl-4] Executing : report_incremental_reuse -file elevator_design_incremental_reuse_routed.rpt
INFO: [Vivado_Tcl 4-1062] Incremental flow is disabled. No incremental reuse Info to report.
INFO: [runtcl-4] Executing : report_clock_utilization -file elevator_design_clock_utilization_routed.rpt
INFO: [runtcl-4] Executing : report_bus_skew -warn_on_violation -file elevator_design_bus_skew_routed.rpt -pb elevator_design_bus_skew_routed.pb -rpx elevator_design_bus_skew_routed.rpx
INFO: [Timing 38-91] UpdateTimingParams: Speed grade: -1, Delay Type: min_max.
INFO: [Timing 38-191] Multithreading enabled for timing update using a maximum of 2 CPUs
Command: write_bitstream -force elevator_design.bit
Attempting to get a license for feature 'Implementation' and/or device 'xc7a35t'
INFO: [Common 17-349] Got license for feature 'Implementation' and/or device 'xc7a35t'
Running DRC as a precondition to command write_bitstream
INFO: [IP_Flow 19-1839] IP Catalog is up to date.
INFO: [DRC 23-27] Running DRC with 2 threads
WARNING: [DRC PDRC-153] Gated clock check: Net c2/c1/c2/CLK is a gated clock net sourced by a combinational pin c2/c1/c2/c1.aux[3]_i_3/O, cell c2/c1/c2/c1.aux[3]_i_3. This is not good design practice and will likely impact performance. For SLICE registers, for example, use the CE pin to control the loading of data.
WARNING: [DRC PLHOLDVIO-2] Non-Optimal connections which could lead to hold violations: A LUT c2/c1/c2/c1.aux[3]_i_3 is driving clock pin of 4 cells. This could lead to large hold time violations. Involved cells are:
c2/c2/c0/c1.aux_reg[0], c2/c2/c0/c1.aux_reg[1], c2/c2/c0/c1.aux_reg[2], and c2/c2/c0/c1.aux_reg[3]
INFO: [Vivado 12-3199] DRC finished with 0 Errors, 2 Warnings
INFO: [Vivado 12-3200] Please refer to the DRC report (report_drc) for more information.
INFO: [Designutils 20-2272] Running write_bitstream with 2 threads.
Loading data files...
Loading site data...
Loading route data...
Processing options...
Creating bitmap...
Creating bitstream...
Writing bitstream ./elevator_design.bit...
INFO: [Vivado 12-1842] Bitgen Completed Successfully.
INFO: [Project 1-1876] WebTalk data collection is mandatory when using a ULT device. To see the specific WebTalk data collected for your design, open the usage_statistics_webtalk.html or usage_statistics_webtalk.xml file in the implementation directory.
INFO: [Common 17-83] Releasing license: Implementation
12 Infos, 2 Warnings, 0 Critical Warnings and 0 Errors encountered.
write_bitstream completed successfully
write_bitstream: Time (s): cpu = 00:00:13 ; elapsed = 00:00:12 . Memory (MB): peak = 2431.965 ; gain = 436.391
INFO: [Common 17-206] Exiting Vivado at Sun May 21 16:40:49 2023...
